request-id,request-method,request-path,request-query,request-payload,response-status,response-content-type,response-payload,response-oops,pre-handle-timestamp,post-handle-timestamp,"after-completion-timestamp"
"821321f1-ebae-4988-be0f-e7fc98d738f3",GET,/,,,302,,,,653584892718800,653584966214000,653584970676100
"c0cf59c0-a0ec-47d5-bd3f-c56d9ee8f596",GET,/any/system/welcome,,,200,text/html;charset=utf-8,,,653584994979800,653584997333400,653591189138000
"429d74a2-658d-4b80-a4be-efc04e774b3b",GET,"/libraries/fontawesome/5.2.0/css/all.min.css",,,200,text/css,,,653591336225700,653591357391700,653591359557800
"656c4a49-af74-40ad-9a8f-ee3b3a34dcba",GET,"/libraries/bootstrap/4.1.3/css/bootstrap.min.css",,,200,text/css,,,653591366688300,653591380971200,653591382286400
"0ea13298-ffa9-43c4-99e0-a87990bc621d",GET,"/libraries/datatables/1.10.18/css/datatables.min.css",,,200,text/css,,,653591387485900,653591400524200,653591402207100
"d5788906-fa04-4c77-97bc-4741fc8b128b",GET,"/libraries/jquery/3.3.1/js/jquery.min.js",,,200,application/javascript,,,653591406908100,653591470824800,653591472022700
"38d56cfe-5318-4cf3-b774-d0823ee1b59d",GET,"/libraries/popper.js/1.14.4/js/popper.min.js",,,200,application/javascript,,,653591476896600,653591511529200,653591514484700
"12636a98-479b-48ef-914a-41a89426ba00",GET,"/libraries/acme/css/acme.css",,,200,text/css,,,653591519748700,653591523424800,653591525122200
"fcfb0e7b-08dc-4026-8399-28156d5dbd40",GET,"/libraries/bootstrap/4.1.3/js/bootstrap.min.js",,,200,application/javascript,,,653591530812300,653591572608300,653591573741200
"a7e78e00-72cb-419a-98ac-73e765bde19f",GET,"/libraries/chart.js/2.7.2/js/chart.bundle.min.js",,,200,application/javascript,,,653591577958500,653591645237100,653591646406600
"c56de29b-835e-4303-ae4c-c5affa370c3d",GET,"/libraries/areyousure/1.9.0/js/areyousure.min.js",,,200,application/javascript,,,653591651106600,653591683118600,653591684238600
"671b0922-b71a-4aff-b299-02fffad3da84",GET,"/libraries/datatables/1.10.18/js/jquery.datatables.min.js",,,200,application/javascript,,,653591688669000,653591728006700,653591728858200
"a4f362de-e6d9-434a-8482-0dfd4c5ffc45",GET,"/libraries/datatables/1.10.18/js/datatables.min.js",,,200,application/javascript,,,653591733706100,653591807111200,653591808569100
"2deb7d95-60da-44c0-8655-7976ced109d7",GET,"/libraries/acme/js/acme.js",,,200,application/javascript,,,653591815565700,653591819196800,653591820157700
"e1825c33-840b-4cc4-b08c-33d1ba7dbe83",GET,/images/AcmeANSLogo.png,,,200,image/png,,,653591824536000,653591828390900,653591829209900
"11536aa0-bf80-4774-a6c7-7d23ff7bd54e",GET,"/libraries/fontawesome/5.2.0/webfonts/fa-solid-900.woff2",,,200,application/font-woff2,,,653591881441700,653591893798900,653591894930300
"f93fecf1-e270-4ea2-8906-d308a7553e35",GET,"/libraries/fontawesome/5.2.0/webfonts/fa-brands-400.woff2",,,200,application/font-woff2,,,653591900916600,653591914252400,653591915837100
"c81baa6b-3740-4c87-8367-ce6e822821ac",GET,/images/favicon.ico,,,200,image/x-icon,,,653591939757700,653591971101900,653591972669500
"ba88d375-d4ff-4694-9c04-46404771f764",GET,/any/system/welcome,,,200,text/html;charset=utf-8,,,653741718353300,653741720130100,653742532698700
"bb65cb35-552e-467f-8b9d-cef0e9e56775",GET,"/libraries/fontawesome/5.2.0/css/all.min.css",,,200,text/css,,,653742558738300,653742563870600,653742565036000
"cf22073d-a530-4770-bc06-5ae797772a44",GET,"/libraries/bootstrap/4.1.3/css/bootstrap.min.css",,,200,text/css,,,653742571436700,653742575378600,653742576635700
"1657ee98-51f7-498b-8fe8-d35699462ea4",GET,"/libraries/datatables/1.10.18/css/datatables.min.css",,,200,text/css,,,653742581827700,653742585674500,653742586829600
"88f8d329-41e7-48bb-848f-76153346bf1b",GET,"/libraries/jquery/3.3.1/js/jquery.min.js",,,200,application/javascript,,,653742590749800,653742593619700,653742594379700
"aa015ed0-85fd-473d-813f-da31b7b4ba66",GET,"/libraries/popper.js/1.14.4/js/popper.min.js",,,200,application/javascript,,,653742598290200,653742602043900,653742603065000
"172eb59b-c524-43ec-90d6-905864eea0cf",GET,"/libraries/acme/css/acme.css",,,200,text/css,,,653742607743200,653742612339000,653742613622100
"30ae9e41-d22a-448f-953c-18cd9324e113",GET,"/libraries/bootstrap/4.1.3/js/bootstrap.min.js",,,200,application/javascript,,,653742619184700,653742622482500,653742623405400
"ccd1d93a-0bdd-4798-ba96-7e3625899cba",GET,"/libraries/chart.js/2.7.2/js/chart.bundle.min.js",,,200,application/javascript,,,653742628914400,653742632941300,653742634080300
"0718a065-d721-40c9-b947-e68f9e55aa7a",GET,"/libraries/areyousure/1.9.0/js/areyousure.min.js",,,200,application/javascript,,,653742641387200,653742645517200,653742646698000
"7da0e3ac-03b6-4560-a649-c2868d935a7e",GET,"/libraries/datatables/1.10.18/js/jquery.datatables.min.js",,,200,application/javascript,,,653742651051200,653742655493200,653742656706700
"544c7ed8-b852-4c95-95ac-beb528b159b2",GET,"/libraries/datatables/1.10.18/js/datatables.min.js",,,200,application/javascript,,,653742661724200,653742665461800,653742666899500
"cab822cf-3677-4a1f-9f06-4734101d3767",GET,"/libraries/acme/js/acme.js",,,200,application/javascript,,,653742672092400,653742676006900,653742677104600
"bae662a4-cac0-4227-a17e-653c182bee71",GET,/images/AcmeANSLogo.png,,,200,image/png,,,653742681254800,653742684918200,653742685875600
"f0f48bdd-b626-46cb-bfa8-b23a5245ab2e",GET,"/libraries/fontawesome/5.2.0/webfonts/fa-solid-900.woff2",,,200,application/font-woff2,,,653742695556300,653742700463600,653742701688000
"789e0e9c-b016-4839-ad80-395e640f62a2",GET,"/libraries/fontawesome/5.2.0/webfonts/fa-brands-400.woff2",,,200,application/font-woff2,,,653742707618800,653742712336900,653742713328100
"5755c6ba-1fb5-4ff3-9ed6-de23b6870fcd",GET,/images/favicon.ico,,,200,image/x-icon,,,653742729164200,653742732445800,653742733553900
"7a607504-8ec3-4196-8d75-b5f05a3778f6",GET,/any/system/welcome,,,200,text/html;charset=utf-8,,,653750075729000,653750077530800,653750351014900
"6e5113c0-49c7-40db-aad8-64eb4ec2525a",GET,"/libraries/fontawesome/5.2.0/css/all.min.css",,,200,text/css,,,653750380433700,653750383349900,653750384293500
"2c1898f3-2dae-492c-86fa-2ae1cb0bc4af",GET,"/libraries/bootstrap/4.1.3/css/bootstrap.min.css",,,200,text/css,,,653750392282100,653750395587900,653750396457600
"ebf3a32d-eb54-45f2-96b3-78f28461b590",GET,"/libraries/datatables/1.10.18/css/datatables.min.css",,,200,text/css,,,653750400386800,653750402960900,653750403650900
"9a22e211-80ef-4acd-917f-59a495a57e6d",GET,"/libraries/jquery/3.3.1/js/jquery.min.js",,,200,application/javascript,,,653750407209400,653750410017800,653750410584600
"cfda494c-60e9-43f6-8269-9d36e194a6f3",GET,"/libraries/popper.js/1.14.4/js/popper.min.js",,,200,application/javascript,,,653750413746700,653750416288200,653750416928400
"09507aba-7807-4eb5-9a39-30654f661a62",GET,"/libraries/acme/css/acme.css",,,200,text/css,,,653750420273000,653750423247200,653750424181100
"5fb74da7-89dd-4f41-bc27-eeb07415d18e",GET,"/libraries/bootstrap/4.1.3/js/bootstrap.min.js",,,200,application/javascript,,,653750428000000,653750430830400,653750431573100
"d6ab9c0e-7b76-4db7-b788-4f5cb448bac6",GET,"/libraries/chart.js/2.7.2/js/chart.bundle.min.js",,,200,application/javascript,,,653750435286200,653750439182100,653750440595300
"4d559624-e167-4356-be53-f9e0e0ea22a9",GET,"/libraries/areyousure/1.9.0/js/areyousure.min.js",,,200,application/javascript,,,653750444575500,653750446994800,653750447663600
"5d4af77b-1384-4e84-bd48-93f2fc8471de",GET,"/libraries/datatables/1.10.18/js/jquery.datatables.min.js",,,200,application/javascript,,,653750451549500,653750454134000,653750454928500
"1854ba57-77e6-4378-9a84-5f99aac1baae",GET,"/libraries/datatables/1.10.18/js/datatables.min.js",,,200,application/javascript,,,653750460994100,653750463645000,653750464356900
"f65631eb-785c-49f8-a894-d48cc1db9ea9",GET,"/libraries/acme/js/acme.js",,,200,application/javascript,,,653750469371500,653750471882500,653750473331300
"a2913359-eafb-4dcd-bc24-87f0c8bc9eff",GET,/images/AcmeANSLogo.png,,,200,image/png,,,653750478010300,653750481551500,653750482385100
"96c41f1e-c3b5-467a-9778-aa10464bed41",GET,"/libraries/fontawesome/5.2.0/webfonts/fa-solid-900.woff2",,,200,application/font-woff2,,,653750485328900,653750487816000,653750488464300
"e8017ca7-9b19-402b-8b67-9d1d5a44a325",GET,"/libraries/fontawesome/5.2.0/webfonts/fa-brands-400.woff2",,,200,application/font-woff2,,,653750493195900,653750496025500,653750496828900
"8d442f87-b57d-4fd0-a495-b0a461e42413",GET,/any/system/welcome,,,200,text/html;charset=utf-8,,,653780079351000,653780080742900,653780297922900
"8494e4f8-4676-49d9-beb6-11d3579c646c",GET,"/libraries/fontawesome/5.2.0/css/all.min.css",,,200,text/css,,,653780318302600,653780321259700,653780322141300
"13b3e33b-56f9-4732-841e-7bcf0ce57595",GET,"/libraries/bootstrap/4.1.3/css/bootstrap.min.css",,,200,text/css,,,653780326554300,653780330867900,653780331966500
"b4d9f076-b5ec-45d5-baea-96330d3574b1",GET,"/libraries/datatables/1.10.18/css/datatables.min.css",,,200,text/css,,,653780335450000,653780338136100,653780338881400
"28f8ff10-64ff-4502-81d8-0062684433c4",GET,"/libraries/acme/css/acme.css",,,200,text/css,,,653780341709900,653780344201000,653780344779300
"ac616dc2-a570-4554-90e3-2fa1a00c7309",GET,"/libraries/jquery/3.3.1/js/jquery.min.js",,,200,application/javascript,,,653780347598300,653780350498200,653780351303900
"98416a4a-df9b-435c-a48a-22aa520c322d",GET,"/libraries/popper.js/1.14.4/js/popper.min.js",,,200,application/javascript,,,653780354532300,653780357097700,653780357751500
"787f94ce-1342-4642-84e2-0da2715887f1",GET,"/libraries/bootstrap/4.1.3/js/bootstrap.min.js",,,200,application/javascript,,,653780361308800,653780364256400,653780364877300
"540b9758-fe92-4f50-baa7-421de3d2a2c0",GET,"/libraries/chart.js/2.7.2/js/chart.bundle.min.js",,,200,application/javascript,,,653780367901400,653780370610000,653780371224400
"373ef94d-8522-45e8-b010-3cae8468fd0f",GET,"/libraries/areyousure/1.9.0/js/areyousure.min.js",,,200,application/javascript,,,653780374440000,653780377049700,653780377586700
"1ca9ea62-1710-4c71-afee-58f0a4c44465",GET,"/libraries/datatables/1.10.18/js/jquery.datatables.min.js",,,200,application/javascript,,,653780380852900,653780383711900,653780384679400
"884ade8f-4c72-46b6-a893-0d774412af7e",GET,"/libraries/datatables/1.10.18/js/datatables.min.js",,,200,application/javascript,,,653780388365100,653780391509100,653780392281900
"23cbc717-ec1b-44e4-ba81-bd4d4f9faacf",GET,"/libraries/acme/js/acme.js",,,200,application/javascript,,,653780397255300,653780401763800,653780402939000
"287ffec1-9bb5-4295-b424-337e4326afad",GET,/images/AcmeANSLogo.png,,,200,image/png,,,653780406888700,653780410638000,653780411701600
"e2a7e36c-9fad-4f8a-a70d-3fd287d2ad49",GET,"/libraries/fontawesome/5.2.0/webfonts/fa-solid-900.woff2",,,200,application/font-woff2,,,653780419287200,653780422982200,653780423904100
"62fc4cfb-e454-47f3-8ef4-177e49135805",GET,"/libraries/fontawesome/5.2.0/webfonts/fa-brands-400.woff2",,,200,application/font-woff2,,,653780429089300,653780433364800,653780434322500
"0cda2e30-535c-4696-a8df-0039a947c0d1",GET,/images/favicon.ico,,,200,image/x-icon,,,653780449063100,653780452367300,653780453103600
"8232279c-923c-4d84-a142-95d2f0299e25",GET,/any/system/welcome,,,200,text/html;charset=utf-8,,,653791534293800,653791535751800,653791767585900
"86ccd001-1aab-4e36-9348-1b24098db7c9",GET,"/libraries/fontawesome/5.2.0/css/all.min.css",,,200,text/css,,,653791792912800,653791796625500,653791797710300
"a4a7b31e-e0fc-402d-abe6-a371a1c224c6",GET,"/libraries/bootstrap/4.1.3/css/bootstrap.min.css",,,200,text/css,,,653791801483800,653791805352800,653791806567400
"1d381b4a-d629-40cf-8150-398ad9b47a65",GET,"/libraries/datatables/1.10.18/css/datatables.min.css",,,200,text/css,,,653791811020200,653791814878000,653791815592900
"9d0e0f7f-20d8-4b0b-be1d-148cc6feb6f6",GET,"/libraries/jquery/3.3.1/js/jquery.min.js",,,200,application/javascript,,,653791819168100,653791822979900,653791823869100
"d47a6857-5f60-414a-b0ac-b87e89a8f05e",GET,"/libraries/popper.js/1.14.4/js/popper.min.js",,,200,application/javascript,,,653791827461000,653791829967900,653791830690400
"a4c932f3-8b77-4cfe-81a2-d7222ec7a03e",GET,"/libraries/acme/css/acme.css",,,200,text/css,,,653791833197400,653791835428700,653791836065300
"a4348073-04d0-419d-8262-4588c10b8468",GET,"/libraries/bootstrap/4.1.3/js/bootstrap.min.js",,,200,application/javascript,,,653791838929800,653791841235400,653791841676700
"9fb27884-3f11-4e21-8351-c9fd5427c15a",GET,"/libraries/chart.js/2.7.2/js/chart.bundle.min.js",,,200,application/javascript,,,653791843947000,653791846575200,653791847117100
"50480e25-8d34-46f8-87b7-4e5d588ff792",GET,"/libraries/areyousure/1.9.0/js/areyousure.min.js",,,200,application/javascript,,,653791849853400,653791852230500,653791852726400
"47106a9d-57b1-470a-a171-509dbe8b003c",GET,"/libraries/datatables/1.10.18/js/jquery.datatables.min.js",,,200,application/javascript,,,653791855405500,653791858961600,653791859553200
"9883a888-66c5-4a79-9aca-047fddc0d36f",GET,"/libraries/datatables/1.10.18/js/datatables.min.js",,,200,application/javascript,,,653791862278200,653791864818800,653791865593500
"fb6ceecb-c848-4002-9ed6-95aa30825a94",GET,"/libraries/acme/js/acme.js",,,200,application/javascript,,,653791869285200,653791872300200,653791873331200
"24682cbc-a67b-4ac0-9a4b-e87739aa29d1",GET,/images/AcmeANSLogo.png,,,200,image/png,,,653791876784400,653791879658200,653791880315200
"96faa8e6-e188-4ae5-948b-4058a88a0230",GET,"/libraries/fontawesome/5.2.0/webfonts/fa-solid-900.woff2",,,200,application/font-woff2,,,653791883704600,653791886653300,653791887320000
"a7cfcd87-3f6c-45f5-b77e-a2b98a884f5d",GET,"/libraries/fontawesome/5.2.0/webfonts/fa-brands-400.woff2",,,200,application/font-woff2,,,653791892326500,653791895162600,653791895866500
